This file contains any messages produced by compilers while
running configure, to aid debugging if configure makes a mistake.

It was created by libsangoma configure 3.5.0, which was
generated by GNU Autoconf 2.69.  Invocation command line was

  $ ./configure --prefix=/usr

## --------- ##
## Platform. ##
## --------- ##

hostname = jenkins7
uname -m = x86_64
uname -r = 3.10.0-693.21.1.el7.x86_64
uname -s = Linux
uname -v = #1 SMP Wed Mar 7 19:03:37 UTC 2018

/usr/bin/uname -p = x86_64
/bin/uname -X     = unknown

/bin/arch              = x86_64
/usr/bin/arch -k       = unknown
/usr/convex/getsysinfo = unknown
/usr/bin/hostinfo      = unknown
/bin/machine           = unknown
/usr/bin/oslevel       = unknown
/bin/universe          = unknown

PATH: /usr/lib64/ccache
PATH: /usr/bin
PATH: /bin
PATH: /usr/sbin
PATH: /sbin
PATH: /usr/local/sbin
PATH: /builddir/.local/bin
PATH: /builddir/bin


## ----------- ##
## Core tests. ##
## ----------- ##

configure:2259: checking for a BSD-compatible install
configure:2327: result: /usr/bin/install -c
configure:2338: checking whether build environment is sane
configure:2393: result: yes
configure:2431: WARNING: 'missing' script is too old or missing
configure:2544: checking for a thread-safe mkdir -p
configure:2583: result: /usr/bin/mkdir -p
configure:2590: checking for gawk
configure:2606: found /usr/bin/gawk
configure:2617: result: gawk
configure:2628: checking whether make sets $(MAKE)
configure:2650: result: yes
configure:2679: checking whether make supports nested variables
configure:2696: result: yes
configure:2840: checking for gcc
configure:2856: found /usr/lib64/ccache/gcc
configure:2867: result: gcc
configure:3096: checking for C compiler version
configure:3105: gcc --version >&5
gcc (GCC) 4.8.5 20150623 (Red Hat 4.8.5-28)
Copyright (C) 2015 Free Software Foundation, Inc.
This is free software; see the source for copying conditions.  There is NO
warranty; not even for MERCHANTABILITY or FITNESS FOR A PARTICULAR PURPOSE.

configure:3116: $? = 0
configure:3105: gcc -v >&5
Using built-in specs.
COLLECT_GCC=/usr/bin/gcc
COLLECT_LTO_WRAPPER=/usr/libexec/gcc/x86_64-redhat-linux/4.8.5/lto-wrapper
Target: x86_64-redhat-linux
Configured with: ../configure --prefix=/usr --mandir=/usr/share/man --infodir=/usr/share/info --with-bugurl=http://bugzilla.redhat.com/bugzilla --enable-bootstrap --enable-shared --enable-threads=posix --enable-checking=release --with-system-zlib --enable-__cxa_atexit --disable-libunwind-exceptions --enable-gnu-unique-object --enable-linker-build-id --with-linker-hash-style=gnu --enable-languages=c,c++,objc,obj-c++,java,fortran,ada,go,lto --enable-plugin --enable-initfini-array --disable-libgcj --with-isl=/builddir/build/BUILD/gcc-4.8.5-20150702/obj-x86_64-redhat-linux/isl-install --with-cloog=/builddir/build/BUILD/gcc-4.8.5-20150702/obj-x86_64-redhat-linux/cloog-install --enable-gnu-indirect-function --with-tune=generic --with-arch_32=x86-64 --build=x86_64-redhat-linux
Thread model: posix
gcc version 4.8.5 20150623 (Red Hat 4.8.5-28) (GCC) 
configure:3116: $? = 0
configure:3105: gcc -V >&5
gcc: error: unrecognized command line option '-V'
gcc: fatal error: no input files
compilation terminated.
configure:3116: $? = 4
configure:3105: gcc -qversion >&5
gcc: error: unrecognized command line option '-qversion'
gcc: fatal error: no input files
compilation terminated.
configure:3116: $? = 4
configure:3136: checking whether the C compiler works
configure:3158: gcc    conftest.c  >&5
configure:3162: $? = 0
configure:3210: result: yes
configure:3213: checking for C compiler default output file name
configure:3215: result: a.out
configure:3221: checking for suffix of executables
configure:3228: gcc -o conftest    conftest.c  >&5
configure:3232: $? = 0
configure:3254: result: 
configure:3276: checking whether we are cross compiling
configure:3284: gcc -o conftest    conftest.c  >&5
configure:3288: $? = 0
configure:3295: ./conftest
configure:3299: $? = 0
configure:3314: result: no
configure:3319: checking for suffix of object files
configure:3341: gcc -c   conftest.c >&5
configure:3345: $? = 0
configure:3366: result: o
configure:3370: checking whether we are using the GNU C compiler
configure:3389: gcc -c   conftest.c >&5
configure:3389: $? = 0
configure:3398: result: yes
configure:3407: checking whether gcc accepts -g
configure:3427: gcc -c -g  conftest.c >&5
configure:3427: $? = 0
configure:3468: result: yes
configure:3485: checking for gcc option to accept ISO C89
configure:3548: gcc  -c -g -O2  conftest.c >&5
configure:3548: $? = 0
configure:3561: result: none needed
configure:3592: checking for style of include used by make
configure:3620: result: GNU
configure:3646: checking dependency style of gcc
configure:3757: result: gcc3
configure:3801: checking build system type
configure:3815: result: x86_64-unknown-linux-gnu
configure:3835: checking host system type
configure:3848: result: x86_64-unknown-linux-gnu
configure:3889: checking how to print strings
configure:3916: result: printf
configure:3937: checking for a sed that does not truncate output
configure:4001: result: /usr/bin/sed
configure:4019: checking for grep that handles long lines and -e
configure:4077: result: /usr/bin/grep
configure:4082: checking for egrep
configure:4144: result: /usr/bin/grep -E
configure:4149: checking for fgrep
configure:4211: result: /usr/bin/grep -F
configure:4246: checking for ld used by gcc
configure:4313: result: /usr/bin/ld
configure:4320: checking if the linker (/usr/bin/ld) is GNU ld
configure:4335: result: yes
configure:4347: checking for BSD- or MS-compatible name lister (nm)
configure:4396: result: /usr/bin/nm -B
configure:4526: checking the name lister (/usr/bin/nm -B) interface
configure:4533: gcc -c -g -O2  conftest.c >&5
configure:4536: /usr/bin/nm -B "conftest.o"
configure:4539: output
0000000000000000 B some_variable
configure:4546: result: BSD nm
configure:4549: checking whether ln -s works
configure:4553: result: yes
configure:4561: checking the maximum length of command line arguments
configure:4691: result: 1572864
configure:4708: checking whether the shell understands some XSI constructs
configure:4718: result: yes
configure:4722: checking whether the shell understands "+="
configure:4728: result: yes
configure:4763: checking how to convert x86_64-unknown-linux-gnu file names to x86_64-unknown-linux-gnu format
configure:4803: result: func_convert_file_noop
configure:4810: checking how to convert x86_64-unknown-linux-gnu file names to toolchain format
configure:4830: result: func_convert_file_noop
configure:4837: checking for /usr/bin/ld option to reload object files
configure:4844: result: -r
configure:4918: checking for objdump
configure:4934: found /usr/bin/objdump
configure:4945: result: objdump
configure:4977: checking how to recognize dependent libraries
configure:5179: result: pass_all
configure:5264: checking for dlltool
configure:5294: result: no
configure:5324: checking how to associate runtime and link libraries
configure:5351: result: printf %s\n
configure:5412: checking for ar
configure:5428: found /usr/bin/ar
configure:5439: result: ar
configure:5476: checking for archiver @FILE support
configure:5493: gcc -c -g -O2  conftest.c >&5
configure:5493: $? = 0
configure:5496: ar cru libconftest.a @conftest.lst >&5
configure:5499: $? = 0
configure:5504: ar cru libconftest.a @conftest.lst >&5
ar: conftest.o: No such file or directory
configure:5507: $? = 1
configure:5519: result: @
configure:5577: checking for strip
configure:5593: found /usr/bin/strip
configure:5604: result: strip
configure:5676: checking for ranlib
configure:5692: found /usr/bin/ranlib
configure:5703: result: ranlib
configure:5805: checking command to parse /usr/bin/nm -B output from gcc object
configure:5925: gcc -c -g -O2  conftest.c >&5
configure:5928: $? = 0
configure:5932: /usr/bin/nm -B conftest.o \| sed -n -e 's/^.*[ ]\([ABCDGIRSTW][ABCDGIRSTW]*\)[ ][ ]*\([_A-Za-z][_A-Za-z0-9]*\)$/\1 \2 \2/p' | sed '/ __gnu_lto/d' \> conftest.nm
configure:5935: $? = 0
configure:6001: gcc -o conftest -g -O2   conftest.c conftstm.o >&5
configure:6004: $? = 0
configure:6042: result: ok
configure:6079: checking for sysroot
configure:6109: result: no
configure:6186: gcc -c -g -O2  conftest.c >&5
configure:6189: $? = 0
configure:6365: checking for mt
configure:6395: result: no
configure:6415: checking if : is a manifest tool
configure:6421: : '-?'
configure:6429: result: no
configure:7071: checking how to run the C preprocessor
configure:7102: gcc -E  conftest.c
configure:7102: $? = 0
configure:7116: gcc -E  conftest.c
conftest.c:11:28: fatal error: ac_nonexistent.h: No such file or directory
 #include <ac_nonexistent.h>
                            ^
compilation terminated.
configure:7116: $? = 1
configure: failed program was:
| /* confdefs.h */
| #define PACKAGE_NAME "libsangoma"
| #define PACKAGE_TARNAME "libsangoma"
| #define PACKAGE_VERSION "3.5.0"
| #define PACKAGE_STRING "libsangoma 3.5.0"
| #define PACKAGE_BUGREPORT "ncorbic@sangoma.com"
| #define PACKAGE_URL ""
| #define PACKAGE "libsangoma"
| #define VERSION "3.5.0"
| /* end confdefs.h.  */
| #include <ac_nonexistent.h>
configure:7141: result: gcc -E
configure:7161: gcc -E  conftest.c
configure:7161: $? = 0
configure:7175: gcc -E  conftest.c
conftest.c:11:28: fatal error: ac_nonexistent.h: No such file or directory
 #include <ac_nonexistent.h>
                            ^
compilation terminated.
configure:7175: $? = 1
configure: failed program was:
| /* confdefs.h */
| #define PACKAGE_NAME "libsangoma"
| #define PACKAGE_TARNAME "libsangoma"
| #define PACKAGE_VERSION "3.5.0"
| #define PACKAGE_STRING "libsangoma 3.5.0"
| #define PACKAGE_BUGREPORT "ncorbic@sangoma.com"
| #define PACKAGE_URL ""
| #define PACKAGE "libsangoma"
| #define VERSION "3.5.0"
| /* end confdefs.h.  */
| #include <ac_nonexistent.h>
configure:7204: checking for ANSI C header files
configure:7224: gcc -c -g -O2  conftest.c >&5
configure:7224: $? = 0
configure:7297: gcc -o conftest -g -O2   conftest.c  >&5
configure:7297: $? = 0
configure:7297: ./conftest
configure:7297: $? = 0
configure:7308: result: yes
configure:7321: checking for sys/types.h
configure:7321: gcc -c -g -O2  conftest.c >&5
configure:7321: $? = 0
configure:7321: result: yes
configure:7321: checking for sys/stat.h
configure:7321: gcc -c -g -O2  conftest.c >&5
configure:7321: $? = 0
configure:7321: result: yes
configure:7321: checking for stdlib.h
configure:7321: gcc -c -g -O2  conftest.c >&5
configure:7321: $? = 0
configure:7321: result: yes
configure:7321: checking for string.h
configure:7321: gcc -c -g -O2  conftest.c >&5
configure:7321: $? = 0
configure:7321: result: yes
configure:7321: checking for memory.h
configure:7321: gcc -c -g -O2  conftest.c >&5
configure:7321: $? = 0
configure:7321: result: yes
configure:7321: checking for strings.h
configure:7321: gcc -c -g -O2  conftest.c >&5
configure:7321: $? = 0
configure:7321: result: yes
configure:7321: checking for inttypes.h
configure:7321: gcc -c -g -O2  conftest.c >&5
configure:7321: $? = 0
configure:7321: result: yes
configure:7321: checking for stdint.h
configure:7321: gcc -c -g -O2  conftest.c >&5
configure:7321: $? = 0
configure:7321: result: yes
configure:7321: checking for unistd.h
configure:7321: gcc -c -g -O2  conftest.c >&5
configure:7321: $? = 0
configure:7321: result: yes
configure:7335: checking for dlfcn.h
configure:7335: gcc -c -g -O2  conftest.c >&5
configure:7335: $? = 0
configure:7335: result: yes
configure:7541: checking for objdir
configure:7556: result: .libs
configure:7823: checking if gcc supports -fno-rtti -fno-exceptions
configure:7841: gcc -c -g -O2  -fno-rtti -fno-exceptions conftest.c >&5
cc1: warning: command line option '-fno-rtti' is valid for C++/ObjC++ but not for C [enabled by default]
configure:7845: $? = 0
configure:7858: result: no
configure:8185: checking for gcc option to produce PIC
configure:8192: result: -fPIC -DPIC
configure:8200: checking if gcc PIC flag -fPIC -DPIC works
configure:8218: gcc -c -g -O2  -fPIC -DPIC -DPIC conftest.c >&5
configure:8222: $? = 0
configure:8235: result: yes
configure:8264: checking if gcc static flag -static works
configure:8292: result: no
configure:8307: checking if gcc supports -c -o file.o
configure:8328: gcc -c -g -O2  -o out/conftest2.o conftest.c >&5
configure:8332: $? = 0
configure:8354: result: yes
configure:8362: checking if gcc supports -c -o file.o
configure:8409: result: yes
configure:8442: checking whether the gcc linker (/usr/bin/ld -m elf_x86_64) supports shared libraries
configure:9595: result: yes
configure:9632: checking whether -lc should be explicitly linked in
configure:9640: gcc -c -g -O2  conftest.c >&5
configure:9643: $? = 0
configure:9658: gcc -shared  -fPIC -DPIC conftest.o  -v -Wl,-soname -Wl,conftest -o conftest 2\>\&1 \| /usr/bin/grep  -lc  \>/dev/null 2\>\&1
configure:9661: $? = 0
configure:9675: result: no
configure:9835: checking dynamic linker characteristics
configure:10346: gcc -o conftest -g -O2   -Wl,-rpath -Wl,/foo conftest.c  >&5
configure:10346: $? = 0
configure:10572: result: GNU/Linux ld.so
configure:10679: checking how to hardcode library paths into programs
configure:10704: result: immediate
configure:11244: checking whether stripping libraries is possible
configure:11249: result: yes
configure:11284: checking if libtool supports shared libraries
configure:11286: result: yes
configure:11289: checking whether to build shared libraries
configure:11310: result: yes
configure:11313: checking whether to build static libraries
configure:11317: result: yes
configure:11356: checking for ar
configure:11384: result: ar
configure:11398: checking fcntl.h usability
configure:11398: gcc -c -g -O2  conftest.c >&5
configure:11398: $? = 0
configure:11398: result: yes
configure:11398: checking fcntl.h presence
configure:11398: gcc -E  conftest.c
configure:11398: $? = 0
configure:11398: result: yes
configure:11398: checking for fcntl.h
configure:11398: result: yes
configure:11398: checking netinet/in.h usability
configure:11398: gcc -c -g -O2  conftest.c >&5
configure:11398: $? = 0
configure:11398: result: yes
configure:11398: checking netinet/in.h presence
configure:11398: gcc -E  conftest.c
configure:11398: $? = 0
configure:11398: result: yes
configure:11398: checking for netinet/in.h
configure:11398: result: yes
configure:11398: checking for stdlib.h
configure:11398: result: yes
configure:11398: checking for string.h
configure:11398: result: yes
configure:11398: checking sys/ioctl.h usability
configure:11398: gcc -c -g -O2  conftest.c >&5
configure:11398: $? = 0
configure:11398: result: yes
configure:11398: checking sys/ioctl.h presence
configure:11398: gcc -E  conftest.c
configure:11398: $? = 0
configure:11398: result: yes
configure:11398: checking for sys/ioctl.h
configure:11398: result: yes
configure:11398: checking sys/socket.h usability
configure:11398: gcc -c -g -O2  conftest.c >&5
configure:11398: $? = 0
configure:11398: result: yes
configure:11398: checking sys/socket.h presence
configure:11398: gcc -E  conftest.c
configure:11398: $? = 0
configure:11398: result: yes
configure:11398: checking for sys/socket.h
configure:11398: result: yes
configure:11398: checking sys/time.h usability
configure:11398: gcc -c -g -O2  conftest.c >&5
configure:11398: $? = 0
configure:11398: result: yes
configure:11398: checking sys/time.h presence
configure:11398: gcc -E  conftest.c
configure:11398: $? = 0
configure:11398: result: yes
configure:11398: checking for sys/time.h
configure:11398: result: yes
configure:11398: checking for unistd.h
configure:11398: result: yes
configure:11398: checking math.h usability
configure:11398: gcc -c -g -O2  conftest.c >&5
configure:11398: $? = 0
configure:11398: result: yes
configure:11398: checking math.h presence
configure:11398: gcc -E  conftest.c
configure:11398: $? = 0
configure:11398: result: yes
configure:11398: checking for math.h
configure:11398: result: yes
configure:11427: checking whether time.h and sys/time.h may both be included
configure:11447: gcc -c -g -O2  conftest.c >&5
configure:11447: $? = 0
configure:11454: result: yes
configure:11467: checking sys/select.h usability
configure:11467: gcc -c -g -O2  conftest.c >&5
configure:11467: $? = 0
configure:11467: result: yes
configure:11467: checking sys/select.h presence
configure:11467: gcc -E  conftest.c
configure:11467: $? = 0
configure:11467: result: yes
configure:11467: checking for sys/select.h
configure:11467: result: yes
configure:11467: checking for sys/socket.h
configure:11467: result: yes
configure:11477: checking types of arguments for select
configure:11505: gcc -c -g -O2  conftest.c >&5
configure:11505: $? = 0
configure:11516: result: int,fd_set *,struct timeval *
configure:11542: checking for gettimeofday
configure:11542: gcc -o conftest -g -O2   conftest.c  >&5
configure:11542: $? = 0
configure:11542: result: yes
configure:11542: checking for memset
configure:11542: gcc -o conftest -g -O2   conftest.c  >&5
conftest.c:62:6: warning: conflicting types for built-in function 'memset' [enabled by default]
 char memset ();
      ^
configure:11542: $? = 0
configure:11542: result: yes
configure:11542: checking for select
configure:11542: gcc -o conftest -g -O2   conftest.c  >&5
configure:11542: $? = 0
configure:11542: result: yes
configure:11542: checking for socket
configure:11542: gcc -o conftest -g -O2   conftest.c  >&5
configure:11542: $? = 0
configure:11542: result: yes
configure:11662: checking that generated files are newer than configure
configure:11668: result: done
configure:11695: creating ./config.status

## ---------------------- ##
## Running config.status. ##
## ---------------------- ##

This file was extended by libsangoma config.status 3.5.0, which was
generated by GNU Autoconf 2.69.  Invocation command line was

  CONFIG_FILES    = 
  CONFIG_HEADERS  = 
  CONFIG_LINKS    = 
  CONFIG_COMMANDS = 
  $ ./config.status 

on jenkins7

config.status:1105: creating Makefile
config.status:1105: creating config.h
config.status:1334: executing depfiles commands
config.status:1334: executing libtool commands

## ---------------- ##
## Cache variables. ##
## ---------------- ##

ac_cv_build=x86_64-unknown-linux-gnu
ac_cv_c_compiler_gnu=yes
ac_cv_env_CC_set=
ac_cv_env_CC_value=
ac_cv_env_CFLAGS_set=
ac_cv_env_CFLAGS_value=
ac_cv_env_CPPFLAGS_set=
ac_cv_env_CPPFLAGS_value=
ac_cv_env_CPP_set=
ac_cv_env_CPP_value=
ac_cv_env_LDFLAGS_set=
ac_cv_env_LDFLAGS_value=
ac_cv_env_LIBS_set=
ac_cv_env_LIBS_value=
ac_cv_env_build_alias_set=
ac_cv_env_build_alias_value=
ac_cv_env_host_alias_set=
ac_cv_env_host_alias_value=
ac_cv_env_target_alias_set=
ac_cv_env_target_alias_value=
ac_cv_func_gettimeofday=yes
ac_cv_func_memset=yes
ac_cv_func_select=yes
ac_cv_func_select_args='int,fd_set *,struct timeval *'
ac_cv_func_socket=yes
ac_cv_header_dlfcn_h=yes
ac_cv_header_fcntl_h=yes
ac_cv_header_inttypes_h=yes
ac_cv_header_math_h=yes
ac_cv_header_memory_h=yes
ac_cv_header_netinet_in_h=yes
ac_cv_header_stdc=yes
ac_cv_header_stdint_h=yes
ac_cv_header_stdlib_h=yes
ac_cv_header_string_h=yes
ac_cv_header_strings_h=yes
ac_cv_header_sys_ioctl_h=yes
ac_cv_header_sys_select_h=yes
ac_cv_header_sys_socket_h=yes
ac_cv_header_sys_stat_h=yes
ac_cv_header_sys_time_h=yes
ac_cv_header_sys_types_h=yes
ac_cv_header_time=yes
ac_cv_header_unistd_h=yes
ac_cv_host=x86_64-unknown-linux-gnu
ac_cv_objext=o
ac_cv_path_EGREP='/usr/bin/grep -E'
ac_cv_path_FGREP='/usr/bin/grep -F'
ac_cv_path_GREP=/usr/bin/grep
ac_cv_path_SED=/usr/bin/sed
ac_cv_path_install='/usr/bin/install -c'
ac_cv_path_mkdir=/usr/bin/mkdir
ac_cv_prog_AR=ar
ac_cv_prog_AWK=gawk
ac_cv_prog_CPP='gcc -E'
ac_cv_prog_ac_ct_AR=ar
ac_cv_prog_ac_ct_CC=gcc
ac_cv_prog_ac_ct_OBJDUMP=objdump
ac_cv_prog_ac_ct_RANLIB=ranlib
ac_cv_prog_ac_ct_STRIP=strip
ac_cv_prog_cc_c89=
ac_cv_prog_cc_g=yes
ac_cv_prog_make_make_set=yes
am_cv_CC_dependencies_compiler_type=gcc3
am_cv_make_support_nested_variables=yes
lt_cv_ar_at_file=@
lt_cv_archive_cmds_need_lc=no
lt_cv_deplibs_check_method=pass_all
lt_cv_file_magic_cmd='$MAGIC_CMD'
lt_cv_file_magic_test_file=
lt_cv_ld_reload_flag=-r
lt_cv_nm_interface='BSD nm'
lt_cv_objdir=.libs
lt_cv_path_LD=/usr/bin/ld
lt_cv_path_NM='/usr/bin/nm -B'
lt_cv_path_mainfest_tool=no
lt_cv_prog_compiler_c_o=yes
lt_cv_prog_compiler_pic='-fPIC -DPIC'
lt_cv_prog_compiler_pic_works=yes
lt_cv_prog_compiler_rtti_exceptions=no
lt_cv_prog_compiler_static_works=no
lt_cv_prog_gnu_ld=yes
lt_cv_sharedlib_from_linklib_cmd='printf %s\n'
lt_cv_shlibpath_overrides_runpath=no
lt_cv_sys_global_symbol_pipe='sed -n -e '\''s/^.*[	 ]\([ABCDGIRSTW][ABCDGIRSTW]*\)[	 ][	 ]*\([_A-Za-z][_A-Za-z0-9]*\)$/\1 \2 \2/p'\'' | sed '\''/ __gnu_lto/d'\'''
lt_cv_sys_global_symbol_to_c_name_address='sed -n -e '\''s/^: \([^ ]*\)[ ]*$/  {\"\1\", (void *) 0},/p'\'' -e '\''s/^[ABCDGIRSTW]* \([^ ]*\) \([^ ]*\)$/  {"\2", (void *) \&\2},/p'\'''
lt_cv_sys_global_symbol_to_c_name_address_lib_prefix='sed -n -e '\''s/^: \([^ ]*\)[ ]*$/  {\"\1\", (void *) 0},/p'\'' -e '\''s/^[ABCDGIRSTW]* \([^ ]*\) \(lib[^ ]*\)$/  {"\2", (void *) \&\2},/p'\'' -e '\''s/^[ABCDGIRSTW]* \([^ ]*\) \([^ ]*\)$/  {"lib\2", (void *) \&\2},/p'\'''
lt_cv_sys_global_symbol_to_cdecl='sed -n -e '\''s/^T .* \(.*\)$/extern int \1();/p'\'' -e '\''s/^[ABCDGIRSTW]* .* \(.*\)$/extern char \1;/p'\'''
lt_cv_sys_max_cmd_len=1572864
lt_cv_to_host_file_cmd=func_convert_file_noop
lt_cv_to_tool_file_cmd=func_convert_file_noop

## ----------------- ##
## Output variables. ##
## ----------------- ##

ACLOCAL='aclocal-1.13'
AMDEPBACKSLASH='\'
AMDEP_FALSE='#'
AMDEP_TRUE=''
AMTAR='$${TAR-tar}'
AM_BACKSLASH='\'
AM_DEFAULT_V='$(AM_DEFAULT_VERBOSITY)'
AM_DEFAULT_VERBOSITY='1'
AM_V='$(V)'
AR='ar'
AUTOCONF='autoconf'
AUTOHEADER='autoheader'
AUTOMAKE='automake-1.13'
AWK='gawk'
CC='gcc'
CCDEPMODE='depmode=gcc3'
CFLAGS='-g -O2'
CPP='gcc -E'
CPPFLAGS=''
CYGPATH_W='echo'
DEFS='-DHAVE_CONFIG_H'
DEPDIR='.deps'
DLLTOOL='false'
DSYMUTIL=''
DUMPBIN=''
ECHO_C=''
ECHO_N='-n'
ECHO_T=''
EGREP='/usr/bin/grep -E'
EXEEXT=''
FGREP='/usr/bin/grep -F'
GREP='/usr/bin/grep'
INSTALL_DATA='${INSTALL} -m 644'
INSTALL_PROGRAM='${INSTALL}'
INSTALL_SCRIPT='${INSTALL}'
INSTALL_STRIP_PROGRAM='$(install_sh) -c -s'
LD='/usr/bin/ld -m elf_x86_64'
LDFLAGS=''
LIBOBJS=''
LIBPRI_FALSE=''
LIBPRI_PATH=''
LIBPRI_TRUE='#'
LIBS=''
LIBSANGOMA_LT_AGE='0'
LIBSANGOMA_LT_CURRENT='3'
LIBSANGOMA_LT_REVISION='5'
LIBTOOL='$(SHELL) $(top_builddir)/libtool'
LIPO=''
LN_S='ln -s'
LTLIBOBJS=''
MAKEINFO='makeinfo'
MANIFEST_TOOL=':'
MKDIR_P='/usr/bin/mkdir -p'
NM='/usr/bin/nm -B'
NMEDIT=''
OBJDUMP='objdump'
OBJEXT='o'
OTOOL64=''
OTOOL=''
PACKAGE='libsangoma'
PACKAGE_BUGREPORT='ncorbic@sangoma.com'
PACKAGE_NAME='libsangoma'
PACKAGE_STRING='libsangoma 3.5.0'
PACKAGE_TARNAME='libsangoma'
PACKAGE_URL=''
PACKAGE_VERSION='3.5.0'
PATH_SEPARATOR=':'
RANLIB='ranlib'
SED='/usr/bin/sed'
SET_MAKE=''
SHELL='/bin/sh'
STRIP='strip'
VERSION='3.5.0'
ac_ct_AR='ar'
ac_ct_CC='gcc'
ac_ct_DUMPBIN=''
am__EXEEXT_FALSE=''
am__EXEEXT_TRUE='#'
am__fastdepCC_FALSE='#'
am__fastdepCC_TRUE=''
am__include='include'
am__isrc=''
am__leading_dot='.'
am__nodep='_no'
am__quote=''
am__tar='$${TAR-tar} chof - "$$tardir"'
am__untar='$${TAR-tar} xf -'
bindir='${exec_prefix}/bin'
build='x86_64-unknown-linux-gnu'
build_alias=''
build_cpu='x86_64'
build_os='linux-gnu'
build_vendor='unknown'
datadir='${datarootdir}'
datarootdir='${prefix}/share'
docdir='${datarootdir}/doc/${PACKAGE_TARNAME}'
dvidir='${docdir}'
exec_prefix='${prefix}'
host='x86_64-unknown-linux-gnu'
host_alias=''
host_cpu='x86_64'
host_os='linux-gnu'
host_vendor='unknown'
htmldir='${docdir}'
includedir='${prefix}/include'
infodir='${datarootdir}/info'
install_sh='${SHELL} /builddir/build/BUILD/wanpipe-7.0.25/api/libsangoma/install-sh'
libdir='${exec_prefix}/lib'
libexecdir='${exec_prefix}/libexec'
localedir='${datarootdir}/locale'
localstatedir='${prefix}/var'
mandir='${datarootdir}/man'
mkdir_p='$(MKDIR_P)'
oldincludedir='/usr/include'
pdfdir='${docdir}'
prefix='/usr'
program_transform_name='s,x,x,'
psdir='${docdir}'
sbindir='${exec_prefix}/sbin'
sharedstatedir='${prefix}/com'
sysconfdir='${prefix}/etc'
target_alias=''

## ----------- ##
## confdefs.h. ##
## ----------- ##

/* confdefs.h */
#define PACKAGE_NAME "libsangoma"
#define PACKAGE_TARNAME "libsangoma"
#define PACKAGE_VERSION "3.5.0"
#define PACKAGE_STRING "libsangoma 3.5.0"
#define PACKAGE_BUGREPORT "ncorbic@sangoma.com"
#define PACKAGE_URL ""
#define PACKAGE "libsangoma"
#define VERSION "3.5.0"
#define STDC_HEADERS 1
#define HAVE_SYS_TYPES_H 1
#define HAVE_SYS_STAT_H 1
#define HAVE_STDLIB_H 1
#define HAVE_STRING_H 1
#define HAVE_MEMORY_H 1
#define HAVE_STRINGS_H 1
#define HAVE_INTTYPES_H 1
#define HAVE_STDINT_H 1
#define HAVE_UNISTD_H 1
#define HAVE_DLFCN_H 1
#define LT_OBJDIR ".libs/"
#define HAVE_FCNTL_H 1
#define HAVE_NETINET_IN_H 1
#define HAVE_STDLIB_H 1
#define HAVE_STRING_H 1
#define HAVE_SYS_IOCTL_H 1
#define HAVE_SYS_SOCKET_H 1
#define HAVE_SYS_TIME_H 1
#define HAVE_UNISTD_H 1
#define HAVE_MATH_H 1
#define TIME_WITH_SYS_TIME 1
#define HAVE_SYS_SELECT_H 1
#define HAVE_SYS_SOCKET_H 1
#define SELECT_TYPE_ARG1 int
#define SELECT_TYPE_ARG234 (fd_set *)
#define SELECT_TYPE_ARG5 (struct timeval *)
#define HAVE_GETTIMEOFDAY 1
#define HAVE_MEMSET 1
#define HAVE_SELECT 1
#define HAVE_SOCKET 1

configure: exit 0

## ---------------------- ##
## Running config.status. ##
## ---------------------- ##

This file was extended by libsangoma config.status 3.5.0, which was
generated by GNU Autoconf 2.69.  Invocation command line was

  CONFIG_FILES    = 
  CONFIG_HEADERS  = 
  CONFIG_LINKS    = 
  CONFIG_COMMANDS = 
  $ ./config.status config.h

on jenkins7

config.status:1105: creating config.h
