This file contains any messages produced by compilers while
running configure, to aid debugging if configure makes a mistake.

It was created by libstelephony configure 2.0.0, which was
generated by GNU Autoconf 2.69.  Invocation command line was

  $ ./configure --prefix=/usr

## --------- ##
## Platform. ##
## --------- ##

hostname = jenkins7
uname -m = x86_64
uname -r = 3.10.0-693.21.1.el7.x86_64
uname -s = Linux
uname -v = #1 SMP Wed Mar 7 19:03:37 UTC 2018

/usr/bin/uname -p = x86_64
/bin/uname -X     = unknown

/bin/arch              = x86_64
/usr/bin/arch -k       = unknown
/usr/convex/getsysinfo = unknown
/usr/bin/hostinfo      = unknown
/bin/machine           = unknown
/usr/bin/oslevel       = unknown
/bin/universe          = unknown

PATH: /usr/lib64/ccache
PATH: /usr/bin
PATH: /bin
PATH: /usr/sbin
PATH: /sbin
PATH: /usr/local/sbin
PATH: /builddir/.local/bin
PATH: /builddir/bin


## ----------- ##
## Core tests. ##
## ----------- ##

configure:2379: checking for a BSD-compatible install
configure:2447: result: /usr/bin/install -c
configure:2458: checking whether build environment is sane
configure:2513: result: yes
configure:2551: WARNING: 'missing' script is too old or missing
configure:2664: checking for a thread-safe mkdir -p
configure:2703: result: /usr/bin/mkdir -p
configure:2710: checking for gawk
configure:2726: found /usr/bin/gawk
configure:2737: result: gawk
configure:2748: checking whether make sets $(MAKE)
configure:2770: result: yes
configure:2799: checking whether make supports nested variables
configure:2816: result: yes
configure:2950: checking for gcc
configure:2966: found /usr/lib64/ccache/gcc
configure:2977: result: gcc
configure:3206: checking for C compiler version
configure:3215: gcc --version >&5
gcc (GCC) 4.8.5 20150623 (Red Hat 4.8.5-28)
Copyright (C) 2015 Free Software Foundation, Inc.
This is free software; see the source for copying conditions.  There is NO
warranty; not even for MERCHANTABILITY or FITNESS FOR A PARTICULAR PURPOSE.

configure:3226: $? = 0
configure:3215: gcc -v >&5
Using built-in specs.
COLLECT_GCC=/usr/bin/gcc
COLLECT_LTO_WRAPPER=/usr/libexec/gcc/x86_64-redhat-linux/4.8.5/lto-wrapper
Target: x86_64-redhat-linux
Configured with: ../configure --prefix=/usr --mandir=/usr/share/man --infodir=/usr/share/info --with-bugurl=http://bugzilla.redhat.com/bugzilla --enable-bootstrap --enable-shared --enable-threads=posix --enable-checking=release --with-system-zlib --enable-__cxa_atexit --disable-libunwind-exceptions --enable-gnu-unique-object --enable-linker-build-id --with-linker-hash-style=gnu --enable-languages=c,c++,objc,obj-c++,java,fortran,ada,go,lto --enable-plugin --enable-initfini-array --disable-libgcj --with-isl=/builddir/build/BUILD/gcc-4.8.5-20150702/obj-x86_64-redhat-linux/isl-install --with-cloog=/builddir/build/BUILD/gcc-4.8.5-20150702/obj-x86_64-redhat-linux/cloog-install --enable-gnu-indirect-function --with-tune=generic --with-arch_32=x86-64 --build=x86_64-redhat-linux
Thread model: posix
gcc version 4.8.5 20150623 (Red Hat 4.8.5-28) (GCC) 
configure:3226: $? = 0
configure:3215: gcc -V >&5
gcc: error: unrecognized command line option '-V'
gcc: fatal error: no input files
compilation terminated.
configure:3226: $? = 4
configure:3215: gcc -qversion >&5
gcc: error: unrecognized command line option '-qversion'
gcc: fatal error: no input files
compilation terminated.
configure:3226: $? = 4
configure:3246: checking whether the C compiler works
configure:3268: gcc    conftest.c  >&5
configure:3272: $? = 0
configure:3320: result: yes
configure:3323: checking for C compiler default output file name
configure:3325: result: a.out
configure:3331: checking for suffix of executables
configure:3338: gcc -o conftest    conftest.c  >&5
configure:3342: $? = 0
configure:3364: result: 
configure:3386: checking whether we are cross compiling
configure:3394: gcc -o conftest    conftest.c  >&5
configure:3398: $? = 0
configure:3405: ./conftest
configure:3409: $? = 0
configure:3424: result: no
configure:3429: checking for suffix of object files
configure:3451: gcc -c   conftest.c >&5
configure:3455: $? = 0
configure:3476: result: o
configure:3480: checking whether we are using the GNU C compiler
configure:3499: gcc -c   conftest.c >&5
configure:3499: $? = 0
configure:3508: result: yes
configure:3517: checking whether gcc accepts -g
configure:3537: gcc -c -g  conftest.c >&5
configure:3537: $? = 0
configure:3578: result: yes
configure:3595: checking for gcc option to accept ISO C89
configure:3658: gcc  -c -g -O2  conftest.c >&5
configure:3658: $? = 0
configure:3671: result: none needed
configure:3702: checking for style of include used by make
configure:3730: result: GNU
configure:3756: checking dependency style of gcc
configure:3867: result: gcc3
configure:3940: checking for g++
configure:3956: found /usr/lib64/ccache/g++
configure:3967: result: g++
configure:3994: checking for C++ compiler version
configure:4003: g++ --version >&5
g++ (GCC) 4.8.5 20150623 (Red Hat 4.8.5-28)
Copyright (C) 2015 Free Software Foundation, Inc.
This is free software; see the source for copying conditions.  There is NO
warranty; not even for MERCHANTABILITY or FITNESS FOR A PARTICULAR PURPOSE.

configure:4014: $? = 0
configure:4003: g++ -v >&5
Using built-in specs.
COLLECT_GCC=/usr/bin/g++
COLLECT_LTO_WRAPPER=/usr/libexec/gcc/x86_64-redhat-linux/4.8.5/lto-wrapper
Target: x86_64-redhat-linux
Configured with: ../configure --prefix=/usr --mandir=/usr/share/man --infodir=/usr/share/info --with-bugurl=http://bugzilla.redhat.com/bugzilla --enable-bootstrap --enable-shared --enable-threads=posix --enable-checking=release --with-system-zlib --enable-__cxa_atexit --disable-libunwind-exceptions --enable-gnu-unique-object --enable-linker-build-id --with-linker-hash-style=gnu --enable-languages=c,c++,objc,obj-c++,java,fortran,ada,go,lto --enable-plugin --enable-initfini-array --disable-libgcj --with-isl=/builddir/build/BUILD/gcc-4.8.5-20150702/obj-x86_64-redhat-linux/isl-install --with-cloog=/builddir/build/BUILD/gcc-4.8.5-20150702/obj-x86_64-redhat-linux/cloog-install --enable-gnu-indirect-function --with-tune=generic --with-arch_32=x86-64 --build=x86_64-redhat-linux
Thread model: posix
gcc version 4.8.5 20150623 (Red Hat 4.8.5-28) (GCC) 
configure:4014: $? = 0
configure:4003: g++ -V >&5
g++: error: unrecognized command line option '-V'
g++: fatal error: no input files
compilation terminated.
configure:4014: $? = 4
configure:4003: g++ -qversion >&5
g++: error: unrecognized command line option '-qversion'
g++: fatal error: no input files
compilation terminated.
configure:4014: $? = 4
configure:4018: checking whether we are using the GNU C++ compiler
configure:4037: g++ -c   conftest.cpp >&5
configure:4037: $? = 0
configure:4046: result: yes
configure:4055: checking whether g++ accepts -g
configure:4075: g++ -c -g  conftest.cpp >&5
configure:4075: $? = 0
configure:4116: result: yes
configure:4141: checking dependency style of g++
configure:4252: result: gcc3
configure:4296: checking build system type
configure:4310: result: x86_64-unknown-linux-gnu
configure:4330: checking host system type
configure:4343: result: x86_64-unknown-linux-gnu
configure:4384: checking how to print strings
configure:4411: result: printf
configure:4432: checking for a sed that does not truncate output
configure:4496: result: /usr/bin/sed
configure:4514: checking for grep that handles long lines and -e
configure:4572: result: /usr/bin/grep
configure:4577: checking for egrep
configure:4639: result: /usr/bin/grep -E
configure:4644: checking for fgrep
configure:4706: result: /usr/bin/grep -F
configure:4741: checking for ld used by gcc
configure:4808: result: /usr/bin/ld
configure:4815: checking if the linker (/usr/bin/ld) is GNU ld
configure:4830: result: yes
configure:4842: checking for BSD- or MS-compatible name lister (nm)
configure:4891: result: /usr/bin/nm -B
configure:5021: checking the name lister (/usr/bin/nm -B) interface
configure:5028: gcc -c -g -O2  conftest.c >&5
configure:5031: /usr/bin/nm -B "conftest.o"
configure:5034: output
0000000000000000 B some_variable
configure:5041: result: BSD nm
configure:5044: checking whether ln -s works
configure:5048: result: yes
configure:5056: checking the maximum length of command line arguments
configure:5186: result: 1572864
configure:5203: checking whether the shell understands some XSI constructs
configure:5213: result: yes
configure:5217: checking whether the shell understands "+="
configure:5223: result: yes
configure:5258: checking how to convert x86_64-unknown-linux-gnu file names to x86_64-unknown-linux-gnu format
configure:5298: result: func_convert_file_noop
configure:5305: checking how to convert x86_64-unknown-linux-gnu file names to toolchain format
configure:5325: result: func_convert_file_noop
configure:5332: checking for /usr/bin/ld option to reload object files
configure:5339: result: -r
configure:5413: checking for objdump
configure:5429: found /usr/bin/objdump
configure:5440: result: objdump
configure:5472: checking how to recognize dependent libraries
configure:5674: result: pass_all
configure:5759: checking for dlltool
configure:5789: result: no
configure:5819: checking how to associate runtime and link libraries
configure:5846: result: printf %s\n
configure:5907: checking for ar
configure:5923: found /usr/bin/ar
configure:5934: result: ar
configure:5971: checking for archiver @FILE support
configure:5988: gcc -c -g -O2  conftest.c >&5
configure:5988: $? = 0
configure:5991: ar cru libconftest.a @conftest.lst >&5
configure:5994: $? = 0
configure:5999: ar cru libconftest.a @conftest.lst >&5
ar: conftest.o: No such file or directory
configure:6002: $? = 1
configure:6014: result: @
configure:6072: checking for strip
configure:6088: found /usr/bin/strip
configure:6099: result: strip
configure:6171: checking for ranlib
configure:6187: found /usr/bin/ranlib
configure:6198: result: ranlib
configure:6300: checking command to parse /usr/bin/nm -B output from gcc object
configure:6420: gcc -c -g -O2  conftest.c >&5
configure:6423: $? = 0
configure:6427: /usr/bin/nm -B conftest.o \| sed -n -e 's/^.*[ ]\([ABCDGIRSTW][ABCDGIRSTW]*\)[ ][ ]*\([_A-Za-z][_A-Za-z0-9]*\)$/\1 \2 \2/p' | sed '/ __gnu_lto/d' \> conftest.nm
configure:6430: $? = 0
configure:6496: gcc -o conftest -g -O2   conftest.c conftstm.o >&5
configure:6499: $? = 0
configure:6537: result: ok
configure:6574: checking for sysroot
configure:6604: result: no
configure:6681: gcc -c -g -O2  conftest.c >&5
configure:6684: $? = 0
configure:6860: checking for mt
configure:6890: result: no
configure:6910: checking if : is a manifest tool
configure:6916: : '-?'
configure:6924: result: no
configure:7566: checking how to run the C preprocessor
configure:7597: gcc -E  conftest.c
configure:7597: $? = 0
configure:7611: gcc -E  conftest.c
conftest.c:11:28: fatal error: ac_nonexistent.h: No such file or directory
 #include <ac_nonexistent.h>
                            ^
compilation terminated.
configure:7611: $? = 1
configure: failed program was:
| /* confdefs.h */
| #define PACKAGE_NAME "libstelephony"
| #define PACKAGE_TARNAME "libstelephony"
| #define PACKAGE_VERSION "2.0.0"
| #define PACKAGE_STRING "libstelephony 2.0.0"
| #define PACKAGE_BUGREPORT ""
| #define PACKAGE_URL ""
| #define PACKAGE "libstelephony"
| #define VERSION "2.0.0"
| /* end confdefs.h.  */
| #include <ac_nonexistent.h>
configure:7636: result: gcc -E
configure:7656: gcc -E  conftest.c
configure:7656: $? = 0
configure:7670: gcc -E  conftest.c
conftest.c:11:28: fatal error: ac_nonexistent.h: No such file or directory
 #include <ac_nonexistent.h>
                            ^
compilation terminated.
configure:7670: $? = 1
configure: failed program was:
| /* confdefs.h */
| #define PACKAGE_NAME "libstelephony"
| #define PACKAGE_TARNAME "libstelephony"
| #define PACKAGE_VERSION "2.0.0"
| #define PACKAGE_STRING "libstelephony 2.0.0"
| #define PACKAGE_BUGREPORT ""
| #define PACKAGE_URL ""
| #define PACKAGE "libstelephony"
| #define VERSION "2.0.0"
| /* end confdefs.h.  */
| #include <ac_nonexistent.h>
configure:7699: checking for ANSI C header files
configure:7719: gcc -c -g -O2  conftest.c >&5
configure:7719: $? = 0
configure:7792: gcc -o conftest -g -O2   conftest.c  >&5
configure:7792: $? = 0
configure:7792: ./conftest
configure:7792: $? = 0
configure:7803: result: yes
configure:7816: checking for sys/types.h
configure:7816: gcc -c -g -O2  conftest.c >&5
configure:7816: $? = 0
configure:7816: result: yes
configure:7816: checking for sys/stat.h
configure:7816: gcc -c -g -O2  conftest.c >&5
configure:7816: $? = 0
configure:7816: result: yes
configure:7816: checking for stdlib.h
configure:7816: gcc -c -g -O2  conftest.c >&5
configure:7816: $? = 0
configure:7816: result: yes
configure:7816: checking for string.h
configure:7816: gcc -c -g -O2  conftest.c >&5
configure:7816: $? = 0
configure:7816: result: yes
configure:7816: checking for memory.h
configure:7816: gcc -c -g -O2  conftest.c >&5
configure:7816: $? = 0
configure:7816: result: yes
configure:7816: checking for strings.h
configure:7816: gcc -c -g -O2  conftest.c >&5
configure:7816: $? = 0
configure:7816: result: yes
configure:7816: checking for inttypes.h
configure:7816: gcc -c -g -O2  conftest.c >&5
configure:7816: $? = 0
configure:7816: result: yes
configure:7816: checking for stdint.h
configure:7816: gcc -c -g -O2  conftest.c >&5
configure:7816: $? = 0
configure:7816: result: yes
configure:7816: checking for unistd.h
configure:7816: gcc -c -g -O2  conftest.c >&5
configure:7816: $? = 0
configure:7816: result: yes
configure:7830: checking for dlfcn.h
configure:7830: gcc -c -g -O2  conftest.c >&5
configure:7830: $? = 0
configure:7830: result: yes
configure:8047: checking for objdir
configure:8062: result: .libs
configure:8329: checking if gcc supports -fno-rtti -fno-exceptions
configure:8347: gcc -c -g -O2  -fno-rtti -fno-exceptions conftest.c >&5
cc1: warning: command line option '-fno-rtti' is valid for C++/ObjC++ but not for C [enabled by default]
configure:8351: $? = 0
configure:8364: result: no
configure:8691: checking for gcc option to produce PIC
configure:8698: result: -fPIC -DPIC
configure:8706: checking if gcc PIC flag -fPIC -DPIC works
configure:8724: gcc -c -g -O2  -fPIC -DPIC -DPIC conftest.c >&5
configure:8728: $? = 0
configure:8741: result: yes
configure:8770: checking if gcc static flag -static works
configure:8798: result: no
configure:8813: checking if gcc supports -c -o file.o
configure:8834: gcc -c -g -O2  -o out/conftest2.o conftest.c >&5
configure:8838: $? = 0
configure:8860: result: yes
configure:8868: checking if gcc supports -c -o file.o
configure:8915: result: yes
configure:8948: checking whether the gcc linker (/usr/bin/ld -m elf_x86_64) supports shared libraries
configure:10101: result: yes
configure:10138: checking whether -lc should be explicitly linked in
configure:10146: gcc -c -g -O2  conftest.c >&5
configure:10149: $? = 0
configure:10164: gcc -shared  -fPIC -DPIC conftest.o  -v -Wl,-soname -Wl,conftest -o conftest 2\>\&1 \| /usr/bin/grep  -lc  \>/dev/null 2\>\&1
configure:10167: $? = 0
configure:10181: result: no
configure:10341: checking dynamic linker characteristics
configure:10852: gcc -o conftest -g -O2   -Wl,-rpath -Wl,/foo conftest.c  >&5
configure:10852: $? = 0
configure:11078: result: GNU/Linux ld.so
configure:11185: checking how to hardcode library paths into programs
configure:11210: result: immediate
configure:11750: checking whether stripping libraries is possible
configure:11755: result: yes
configure:11790: checking if libtool supports shared libraries
configure:11792: result: yes
configure:11795: checking whether to build shared libraries
configure:11816: result: yes
configure:11819: checking whether to build static libraries
configure:11823: result: yes
configure:11846: checking how to run the C++ preprocessor
configure:11873: g++ -E  conftest.cpp
configure:11873: $? = 0
configure:11887: g++ -E  conftest.cpp
conftest.cpp:23:28: fatal error: ac_nonexistent.h: No such file or directory
 #include <ac_nonexistent.h>
                            ^
compilation terminated.
configure:11887: $? = 1
configure: failed program was:
| /* confdefs.h */
| #define PACKAGE_NAME "libstelephony"
| #define PACKAGE_TARNAME "libstelephony"
| #define PACKAGE_VERSION "2.0.0"
| #define PACKAGE_STRING "libstelephony 2.0.0"
| #define PACKAGE_BUGREPORT ""
| #define PACKAGE_URL ""
| #define PACKAGE "libstelephony"
| #define VERSION "2.0.0"
| #define STDC_HEADERS 1
| #define HAVE_SYS_TYPES_H 1
| #define HAVE_SYS_STAT_H 1
| #define HAVE_STDLIB_H 1
| #define HAVE_STRING_H 1
| #define HAVE_MEMORY_H 1
| #define HAVE_STRINGS_H 1
| #define HAVE_INTTYPES_H 1
| #define HAVE_STDINT_H 1
| #define HAVE_UNISTD_H 1
| #define HAVE_DLFCN_H 1
| #define LT_OBJDIR ".libs/"
| /* end confdefs.h.  */
| #include <ac_nonexistent.h>
configure:11912: result: g++ -E
configure:11932: g++ -E  conftest.cpp
configure:11932: $? = 0
configure:11946: g++ -E  conftest.cpp
conftest.cpp:23:28: fatal error: ac_nonexistent.h: No such file or directory
 #include <ac_nonexistent.h>
                            ^
compilation terminated.
configure:11946: $? = 1
configure: failed program was:
| /* confdefs.h */
| #define PACKAGE_NAME "libstelephony"
| #define PACKAGE_TARNAME "libstelephony"
| #define PACKAGE_VERSION "2.0.0"
| #define PACKAGE_STRING "libstelephony 2.0.0"
| #define PACKAGE_BUGREPORT ""
| #define PACKAGE_URL ""
| #define PACKAGE "libstelephony"
| #define VERSION "2.0.0"
| #define STDC_HEADERS 1
| #define HAVE_SYS_TYPES_H 1
| #define HAVE_SYS_STAT_H 1
| #define HAVE_STDLIB_H 1
| #define HAVE_STRING_H 1
| #define HAVE_MEMORY_H 1
| #define HAVE_STRINGS_H 1
| #define HAVE_INTTYPES_H 1
| #define HAVE_STDINT_H 1
| #define HAVE_UNISTD_H 1
| #define HAVE_DLFCN_H 1
| #define LT_OBJDIR ".libs/"
| /* end confdefs.h.  */
| #include <ac_nonexistent.h>
configure:12115: checking for ld used by g++
configure:12182: result: /usr/bin/ld -m elf_x86_64
configure:12189: checking if the linker (/usr/bin/ld -m elf_x86_64) is GNU ld
configure:12204: result: yes
configure:12259: checking whether the g++ linker (/usr/bin/ld -m elf_x86_64) supports shared libraries
configure:13264: result: yes
configure:13300: g++ -c -g -O2  conftest.cpp >&5
configure:13303: $? = 0
configure:13823: checking for g++ option to produce PIC
configure:13830: result: -fPIC -DPIC
configure:13838: checking if g++ PIC flag -fPIC -DPIC works
configure:13856: g++ -c -g -O2  -fPIC -DPIC -DPIC conftest.cpp >&5
configure:13860: $? = 0
configure:13873: result: yes
configure:13896: checking if g++ static flag -static works
configure:13924: result: no
configure:13936: checking if g++ supports -c -o file.o
configure:13957: g++ -c -g -O2  -o out/conftest2.o conftest.cpp >&5
configure:13961: $? = 0
configure:13983: result: yes
configure:13988: checking if g++ supports -c -o file.o
configure:14035: result: yes
configure:14065: checking whether the g++ linker (/usr/bin/ld -m elf_x86_64) supports shared libraries
configure:14101: result: yes
configure:14242: checking dynamic linker characteristics
configure:14913: result: GNU/Linux ld.so
configure:14966: checking how to hardcode library paths into programs
configure:14991: result: immediate
configure:15057: checking fcntl.h usability
configure:15057: gcc -c -g -O2  conftest.c >&5
configure:15057: $? = 0
configure:15057: result: yes
configure:15057: checking fcntl.h presence
configure:15057: gcc -E  conftest.c
configure:15057: $? = 0
configure:15057: result: yes
configure:15057: checking for fcntl.h
configure:15057: result: yes
configure:15057: checking netinet/in.h usability
configure:15057: gcc -c -g -O2  conftest.c >&5
configure:15057: $? = 0
configure:15057: result: yes
configure:15057: checking netinet/in.h presence
configure:15057: gcc -E  conftest.c
configure:15057: $? = 0
configure:15057: result: yes
configure:15057: checking for netinet/in.h
configure:15057: result: yes
configure:15057: checking for stdlib.h
configure:15057: result: yes
configure:15057: checking for string.h
configure:15057: result: yes
configure:15057: checking sys/ioctl.h usability
configure:15057: gcc -c -g -O2  conftest.c >&5
configure:15057: $? = 0
configure:15057: result: yes
configure:15057: checking sys/ioctl.h presence
configure:15057: gcc -E  conftest.c
configure:15057: $? = 0
configure:15057: result: yes
configure:15057: checking for sys/ioctl.h
configure:15057: result: yes
configure:15057: checking sys/socket.h usability
configure:15057: gcc -c -g -O2  conftest.c >&5
configure:15057: $? = 0
configure:15057: result: yes
configure:15057: checking sys/socket.h presence
configure:15057: gcc -E  conftest.c
configure:15057: $? = 0
configure:15057: result: yes
configure:15057: checking for sys/socket.h
configure:15057: result: yes
configure:15057: checking sys/time.h usability
configure:15057: gcc -c -g -O2  conftest.c >&5
configure:15057: $? = 0
configure:15057: result: yes
configure:15057: checking sys/time.h presence
configure:15057: gcc -E  conftest.c
configure:15057: $? = 0
configure:15057: result: yes
configure:15057: checking for sys/time.h
configure:15057: result: yes
configure:15057: checking for unistd.h
configure:15057: result: yes
configure:15057: checking math.h usability
configure:15057: gcc -c -g -O2  conftest.c >&5
configure:15057: $? = 0
configure:15057: result: yes
configure:15057: checking math.h presence
configure:15057: gcc -E  conftest.c
configure:15057: $? = 0
configure:15057: result: yes
configure:15057: checking for math.h
configure:15057: result: yes
configure:15069: checking whether time.h and sys/time.h may both be included
configure:15089: gcc -c -g -O2  conftest.c >&5
configure:15089: $? = 0
configure:15096: result: yes
configure:15109: checking sys/select.h usability
configure:15109: gcc -c -g -O2  conftest.c >&5
configure:15109: $? = 0
configure:15109: result: yes
configure:15109: checking sys/select.h presence
configure:15109: gcc -E  conftest.c
configure:15109: $? = 0
configure:15109: result: yes
configure:15109: checking for sys/select.h
configure:15109: result: yes
configure:15109: checking for sys/socket.h
configure:15109: result: yes
configure:15119: checking types of arguments for select
configure:15147: gcc -c -g -O2  conftest.c >&5
configure:15147: $? = 0
configure:15158: result: int,fd_set *,struct timeval *
configure:15184: checking for gettimeofday
configure:15184: gcc -o conftest -g -O2   conftest.c  >&5
configure:15184: $? = 0
configure:15184: result: yes
configure:15184: checking for memset
configure:15184: gcc -o conftest -g -O2   conftest.c  >&5
conftest.c:62:6: warning: conflicting types for built-in function 'memset' [enabled by default]
 char memset ();
      ^
configure:15184: $? = 0
configure:15184: result: yes
configure:15184: checking for select
configure:15184: gcc -o conftest -g -O2   conftest.c  >&5
configure:15184: $? = 0
configure:15184: result: yes
configure:15184: checking for socket
configure:15184: gcc -o conftest -g -O2   conftest.c  >&5
configure:15184: $? = 0
configure:15184: result: yes
configure:15304: checking that generated files are newer than configure
configure:15310: result: done
configure:15337: creating ./config.status

## ---------------------- ##
## Running config.status. ##
## ---------------------- ##

This file was extended by libstelephony config.status 2.0.0, which was
generated by GNU Autoconf 2.69.  Invocation command line was

  CONFIG_FILES    = 
  CONFIG_HEADERS  = 
  CONFIG_LINKS    = 
  CONFIG_COMMANDS = 
  $ ./config.status 

on jenkins7

config.status:1162: creating Makefile
config.status:1162: creating config.h
config.status:1391: executing depfiles commands
config.status:1391: executing libtool commands

## ---------------- ##
## Cache variables. ##
## ---------------- ##

ac_cv_build=x86_64-unknown-linux-gnu
ac_cv_c_compiler_gnu=yes
ac_cv_cxx_compiler_gnu=yes
ac_cv_env_CCC_set=
ac_cv_env_CCC_value=
ac_cv_env_CC_set=
ac_cv_env_CC_value=
ac_cv_env_CFLAGS_set=
ac_cv_env_CFLAGS_value=
ac_cv_env_CPPFLAGS_set=
ac_cv_env_CPPFLAGS_value=
ac_cv_env_CPP_set=
ac_cv_env_CPP_value=
ac_cv_env_CXXCPP_set=
ac_cv_env_CXXCPP_value=
ac_cv_env_CXXFLAGS_set=
ac_cv_env_CXXFLAGS_value=
ac_cv_env_CXX_set=
ac_cv_env_CXX_value=
ac_cv_env_LDFLAGS_set=
ac_cv_env_LDFLAGS_value=
ac_cv_env_LIBS_set=
ac_cv_env_LIBS_value=
ac_cv_env_build_alias_set=
ac_cv_env_build_alias_value=
ac_cv_env_host_alias_set=
ac_cv_env_host_alias_value=
ac_cv_env_target_alias_set=
ac_cv_env_target_alias_value=
ac_cv_func_gettimeofday=yes
ac_cv_func_memset=yes
ac_cv_func_select=yes
ac_cv_func_select_args='int,fd_set *,struct timeval *'
ac_cv_func_socket=yes
ac_cv_header_dlfcn_h=yes
ac_cv_header_fcntl_h=yes
ac_cv_header_inttypes_h=yes
ac_cv_header_math_h=yes
ac_cv_header_memory_h=yes
ac_cv_header_netinet_in_h=yes
ac_cv_header_stdc=yes
ac_cv_header_stdint_h=yes
ac_cv_header_stdlib_h=yes
ac_cv_header_string_h=yes
ac_cv_header_strings_h=yes
ac_cv_header_sys_ioctl_h=yes
ac_cv_header_sys_select_h=yes
ac_cv_header_sys_socket_h=yes
ac_cv_header_sys_stat_h=yes
ac_cv_header_sys_time_h=yes
ac_cv_header_sys_types_h=yes
ac_cv_header_time=yes
ac_cv_header_unistd_h=yes
ac_cv_host=x86_64-unknown-linux-gnu
ac_cv_objext=o
ac_cv_path_EGREP='/usr/bin/grep -E'
ac_cv_path_FGREP='/usr/bin/grep -F'
ac_cv_path_GREP=/usr/bin/grep
ac_cv_path_SED=/usr/bin/sed
ac_cv_path_install='/usr/bin/install -c'
ac_cv_path_mkdir=/usr/bin/mkdir
ac_cv_prog_AWK=gawk
ac_cv_prog_CPP='gcc -E'
ac_cv_prog_CXXCPP='g++ -E'
ac_cv_prog_ac_ct_AR=ar
ac_cv_prog_ac_ct_CC=gcc
ac_cv_prog_ac_ct_CXX=g++
ac_cv_prog_ac_ct_OBJDUMP=objdump
ac_cv_prog_ac_ct_RANLIB=ranlib
ac_cv_prog_ac_ct_STRIP=strip
ac_cv_prog_cc_c89=
ac_cv_prog_cc_g=yes
ac_cv_prog_cxx_g=yes
ac_cv_prog_make_make_set=yes
am_cv_CC_dependencies_compiler_type=gcc3
am_cv_CXX_dependencies_compiler_type=gcc3
am_cv_make_support_nested_variables=yes
lt_cv_ar_at_file=@
lt_cv_archive_cmds_need_lc=no
lt_cv_deplibs_check_method=pass_all
lt_cv_file_magic_cmd='$MAGIC_CMD'
lt_cv_file_magic_test_file=
lt_cv_ld_reload_flag=-r
lt_cv_nm_interface='BSD nm'
lt_cv_objdir=.libs
lt_cv_path_LD=/usr/bin/ld
lt_cv_path_LDCXX='/usr/bin/ld -m elf_x86_64'
lt_cv_path_NM='/usr/bin/nm -B'
lt_cv_path_mainfest_tool=no
lt_cv_prog_compiler_c_o=yes
lt_cv_prog_compiler_c_o_CXX=yes
lt_cv_prog_compiler_pic='-fPIC -DPIC'
lt_cv_prog_compiler_pic_CXX='-fPIC -DPIC'
lt_cv_prog_compiler_pic_works=yes
lt_cv_prog_compiler_pic_works_CXX=yes
lt_cv_prog_compiler_rtti_exceptions=no
lt_cv_prog_compiler_static_works=no
lt_cv_prog_compiler_static_works_CXX=no
lt_cv_prog_gnu_ld=yes
lt_cv_prog_gnu_ldcxx=yes
lt_cv_sharedlib_from_linklib_cmd='printf %s\n'
lt_cv_shlibpath_overrides_runpath=no
lt_cv_sys_global_symbol_pipe='sed -n -e '\''s/^.*[	 ]\([ABCDGIRSTW][ABCDGIRSTW]*\)[	 ][	 ]*\([_A-Za-z][_A-Za-z0-9]*\)$/\1 \2 \2/p'\'' | sed '\''/ __gnu_lto/d'\'''
lt_cv_sys_global_symbol_to_c_name_address='sed -n -e '\''s/^: \([^ ]*\)[ ]*$/  {\"\1\", (void *) 0},/p'\'' -e '\''s/^[ABCDGIRSTW]* \([^ ]*\) \([^ ]*\)$/  {"\2", (void *) \&\2},/p'\'''
lt_cv_sys_global_symbol_to_c_name_address_lib_prefix='sed -n -e '\''s/^: \([^ ]*\)[ ]*$/  {\"\1\", (void *) 0},/p'\'' -e '\''s/^[ABCDGIRSTW]* \([^ ]*\) \(lib[^ ]*\)$/  {"\2", (void *) \&\2},/p'\'' -e '\''s/^[ABCDGIRSTW]* \([^ ]*\) \([^ ]*\)$/  {"lib\2", (void *) \&\2},/p'\'''
lt_cv_sys_global_symbol_to_cdecl='sed -n -e '\''s/^T .* \(.*\)$/extern int \1();/p'\'' -e '\''s/^[ABCDGIRSTW]* .* \(.*\)$/extern char \1;/p'\'''
lt_cv_sys_max_cmd_len=1572864
lt_cv_to_host_file_cmd=func_convert_file_noop
lt_cv_to_tool_file_cmd=func_convert_file_noop

## ----------------- ##
## Output variables. ##
## ----------------- ##

ACLOCAL='aclocal-1.13'
AMDEPBACKSLASH='\'
AMDEP_FALSE='#'
AMDEP_TRUE=''
AMTAR='$${TAR-tar}'
AM_BACKSLASH='\'
AM_DEFAULT_V='$(AM_DEFAULT_VERBOSITY)'
AM_DEFAULT_VERBOSITY='1'
AM_V='$(V)'
AR='ar'
AUTOCONF='autoconf'
AUTOHEADER='autoheader'
AUTOMAKE='automake-1.13'
AWK='gawk'
CC='gcc'
CCDEPMODE='depmode=gcc3'
CFLAGS='-g -O2'
CPP='gcc -E'
CPPFLAGS=''
CXX='g++'
CXXCPP='g++ -E'
CXXDEPMODE='depmode=gcc3'
CXXFLAGS='-g -O2'
CYGPATH_W='echo'
DEFS='-DHAVE_CONFIG_H'
DEPDIR='.deps'
DLLTOOL='false'
DSYMUTIL=''
DUMPBIN=''
ECHO_C=''
ECHO_N='-n'
ECHO_T=''
EGREP='/usr/bin/grep -E'
EXEEXT=''
FGREP='/usr/bin/grep -F'
GREP='/usr/bin/grep'
INSTALL_DATA='${INSTALL} -m 644'
INSTALL_PROGRAM='${INSTALL}'
INSTALL_SCRIPT='${INSTALL}'
INSTALL_STRIP_PROGRAM='$(install_sh) -c -s'
LD='/usr/bin/ld -m elf_x86_64'
LDFLAGS=''
LIBOBJS=''
LIBS=''
LIBTOOL='$(SHELL) $(top_builddir)/libtool'
LIPO=''
LN_S='ln -s'
LTLIBOBJS=''
MAKEINFO='makeinfo'
MANIFEST_TOOL=':'
MKDIR_P='/usr/bin/mkdir -p'
NM='/usr/bin/nm -B'
NMEDIT=''
OBJDUMP='objdump'
OBJEXT='o'
OTOOL64=''
OTOOL=''
PACKAGE='libstelephony'
PACKAGE_BUGREPORT=''
PACKAGE_NAME='libstelephony'
PACKAGE_STRING='libstelephony 2.0.0'
PACKAGE_TARNAME='libstelephony'
PACKAGE_URL=''
PACKAGE_VERSION='2.0.0'
PATH_SEPARATOR=':'
RANLIB='ranlib'
SED='/usr/bin/sed'
SET_MAKE=''
SHELL='/bin/sh'
STRIP='strip'
VERSION='2.0.0'
ac_ct_AR='ar'
ac_ct_CC='gcc'
ac_ct_CXX='g++'
ac_ct_DUMPBIN=''
am__EXEEXT_FALSE=''
am__EXEEXT_TRUE='#'
am__fastdepCC_FALSE='#'
am__fastdepCC_TRUE=''
am__fastdepCXX_FALSE='#'
am__fastdepCXX_TRUE=''
am__include='include'
am__isrc=''
am__leading_dot='.'
am__nodep='_no'
am__quote=''
am__tar='$${TAR-tar} chof - "$$tardir"'
am__untar='$${TAR-tar} xf -'
bindir='${exec_prefix}/bin'
build='x86_64-unknown-linux-gnu'
build_alias=''
build_cpu='x86_64'
build_os='linux-gnu'
build_vendor='unknown'
datadir='${datarootdir}'
datarootdir='${prefix}/share'
docdir='${datarootdir}/doc/${PACKAGE_TARNAME}'
dvidir='${docdir}'
exec_prefix='${prefix}'
host='x86_64-unknown-linux-gnu'
host_alias=''
host_cpu='x86_64'
host_os='linux-gnu'
host_vendor='unknown'
htmldir='${docdir}'
includedir='${prefix}/include'
infodir='${datarootdir}/info'
install_sh='${SHELL} /builddir/build/BUILD/wanpipe-7.0.25/api/libstelephony/install-sh'
libdir='${exec_prefix}/lib'
libexecdir='${exec_prefix}/libexec'
localedir='${datarootdir}/locale'
localstatedir='${prefix}/var'
mandir='${datarootdir}/man'
mkdir_p='$(MKDIR_P)'
oldincludedir='/usr/include'
pdfdir='${docdir}'
prefix='/usr'
program_transform_name='s,x,x,'
psdir='${docdir}'
sbindir='${exec_prefix}/sbin'
sharedstatedir='${prefix}/com'
sysconfdir='${prefix}/etc'
target_alias=''

## ----------- ##
## confdefs.h. ##
## ----------- ##

/* confdefs.h */
#define PACKAGE_NAME "libstelephony"
#define PACKAGE_TARNAME "libstelephony"
#define PACKAGE_VERSION "2.0.0"
#define PACKAGE_STRING "libstelephony 2.0.0"
#define PACKAGE_BUGREPORT ""
#define PACKAGE_URL ""
#define PACKAGE "libstelephony"
#define VERSION "2.0.0"
#define STDC_HEADERS 1
#define HAVE_SYS_TYPES_H 1
#define HAVE_SYS_STAT_H 1
#define HAVE_STDLIB_H 1
#define HAVE_STRING_H 1
#define HAVE_MEMORY_H 1
#define HAVE_STRINGS_H 1
#define HAVE_INTTYPES_H 1
#define HAVE_STDINT_H 1
#define HAVE_UNISTD_H 1
#define HAVE_DLFCN_H 1
#define LT_OBJDIR ".libs/"
#define HAVE_FCNTL_H 1
#define HAVE_NETINET_IN_H 1
#define HAVE_STDLIB_H 1
#define HAVE_STRING_H 1
#define HAVE_SYS_IOCTL_H 1
#define HAVE_SYS_SOCKET_H 1
#define HAVE_SYS_TIME_H 1
#define HAVE_UNISTD_H 1
#define HAVE_MATH_H 1
#define TIME_WITH_SYS_TIME 1
#define HAVE_SYS_SELECT_H 1
#define HAVE_SYS_SOCKET_H 1
#define SELECT_TYPE_ARG1 int
#define SELECT_TYPE_ARG234 (fd_set *)
#define SELECT_TYPE_ARG5 (struct timeval *)
#define HAVE_GETTIMEOFDAY 1
#define HAVE_MEMSET 1
#define HAVE_SELECT 1
#define HAVE_SOCKET 1

configure: exit 0

## ---------------------- ##
## Running config.status. ##
## ---------------------- ##

This file was extended by libstelephony config.status 2.0.0, which was
generated by GNU Autoconf 2.69.  Invocation command line was

  CONFIG_FILES    = 
  CONFIG_HEADERS  = 
  CONFIG_LINKS    = 
  CONFIG_COMMANDS = 
  $ ./config.status config.h

on jenkins7

config.status:1162: creating config.h
